
> admin_web@0.1.0 dev
> next dev

▲ Next.js 16.2.10 (Turbopack)
- Local:         http://localhost:3000
- Network:       http://192.168.1.19:3000
✓ Ready in 34.7s
Creating turbopack project { dir: 'E:\\Mohandseto Tawrdat\\apps\\admin_web', testMode: true }

○ Compiling /login ...
 GET /login 200 in 38.8s (next.js: 37.8s, application-code: 984ms)
 POST /api/session/login 500 in 12.5s (next.js: 2.0s, application-code: 10.4s)
 POST /api/session/login 500 in 389ms (next.js: 8ms, application-code: 381ms)
 POST /api/session/login 500 in 1321ms (next.js: 6ms, application-code: 1316ms)
✓ Finished writing to filesystem cache in 29.4s
 GET / 307 in 4.3s (next.js: 3.0s, application-code: 1340ms)
 GET /login 200 in 547ms (next.js: 120ms, application-code: 427ms)
 POST /api/session/login 401 in 3.4s (next.js: 6ms, application-code: 3.4s)
 POST /api/session/login 200 in 761ms (next.js: 5ms, application-code: 756ms)
 POST /api/session/role 200 in 1302ms (next.js: 1287ms, application-code: 15ms)
 GET /dashboard 200 in 1605ms (next.js: 1520ms, application-code: 85ms)
 GET /dashboard 200 in 46ms (next.js: 7ms, application-code: 39ms)
 GET /api/admin/dashboard?days=7 200 in 11.9s (next.js: 11.2s, application-code: 728ms)
 GET /dashboard/orders 200 in 3.3s (next.js: 3.1s, application-code: 183ms)
 GET /api/admin/orders?search=&statuses=&page=1&pageSize=20&archived=false&overdue=false 200 in 519ms (next.js: 16ms, application-code: 504ms)
 GET /dashboard/orders/6ea39858-47c3-4f23-bbfc-2f078a5f12d7 200 in 3.7s (next.js: 3.6s, application-code: 53ms)
 GET /api/admin/orders/6ea39858-47c3-4f23-bbfc-2f078a5f12d7 200 in 1067ms (next.js: 10ms, application-code: 1057ms)
 POST /api/admin/orders/6ea39858-47c3-4f23-bbfc-2f078a5f12d7/fulfillment 200 in 583ms (next.js: 13ms, application-code: 570ms)
 GET /api/admin/orders/6ea39858-47c3-4f23-bbfc-2f078a5f12d7 200 in 98ms (next.js: 8ms, application-code: 91ms)
 GET /dashboard/printing 200 in 1179ms (next.js: 1097ms, application-code: 81ms)
 GET /api/admin/printing 200 in 1103ms (next.js: 26ms, application-code: 1078ms)
 GET /api/admin/printing 200 in 1110ms (next.js: 16ms, application-code: 1094ms)
 GET /dashboard/shipping 200 in 1106ms (next.js: 1018ms, application-code: 88ms)
 GET /api/admin/shipping 200 in 730ms (next.js: 10ms, application-code: 720ms)
 GET /api/admin/shipping 200 in 740ms (next.js: 23ms, application-code: 717ms)
 GET /dashboard/companies 200 in 1189ms (next.js: 979ms, application-code: 209ms)
 GET /api/admin/crm 200 in 270ms (next.js: 28ms, application-code: 242ms)
 GET /api/admin/crm 200 in 278ms (next.js: 14ms, application-code: 264ms)
 GET /api/admin/crm/companies/83dbd493-244f-4b3a-9296-eeae69b94424 200 in 306ms (next.js: 25ms, application-code: 281ms)
 GET /dashboard/suppliers 200 in 1219ms (next.js: 1122ms, application-code: 96ms)
 GET /api/admin/procurement 200 in 237ms (next.js: 13ms, application-code: 224ms)
 GET /api/admin/procurement 200 in 33ms (next.js: 5ms, application-code: 28ms)
 GET /dashboard/contracts 200 in 1128ms (next.js: 995ms, application-code: 133ms)
 GET /api/admin/contracts 200 in 193ms (next.js: 10ms, application-code: 182ms)
 GET /api/admin/contracts 200 in 198ms (next.js: 24ms, application-code: 174ms)
 GET /dashboard/marketing 200 in 957ms (next.js: 895ms, application-code: 62ms)
 GET /api/admin/marketing 200 in 429ms (next.js: 26ms, application-code: 403ms)
 GET /api/admin/marketing 200 in 444ms (next.js: 13ms, application-code: 431ms)
 GET /dashboard/reports 200 in 1414ms (next.js: 1338ms, application-code: 76ms)
 GET /api/admin/reports 200 in 158ms (next.js: 12ms, application-code: 146ms)
 GET /api/admin/reports 200 in 174ms (next.js: 26ms, application-code: 148ms)
 GET /dashboard 200 in 38ms (next.js: 7ms, application-code: 31ms)
 GET /api/admin/dashboard?days=7 200 in 37ms (next.js: 11ms, application-code: 26ms)
